SpS_RetailPlus/app/build/outputs/logs/manifest-merger-debug-report.txt
-- Merging decision tree log ---
manifest
ADDED from src\main\AndroidManifest.xml:2:1-71:12
	xmlns:android
		ADDED from src\main\AndroidManifest.xml:2:11-69
	package
		ADDED from src\main\AndroidManifest.xml:3:9-48
		INJECTED from src\main\AndroidManifest.xml
		INJECTED from src\main\AndroidManifest.xml
	android:versionName
		ADDED from src\main\AndroidManifest.xml:5:5-30
	android:versionCode
		ADDED from src\main\AndroidManifest.xml:4:5-28
		INJECTED from src\main\AndroidManifest.xml
		INJECTED from src\main\AndroidManifest.xml
uses-sdk
ADDED from src\main\AndroidManifest.xml:7:5-44
	android:targetSdkVersion
		INJECTED from src\main\AndroidManifest.xml
		INJECTED from src\main\AndroidManifest.xml
	android:minSdkVersion
		ADDED from src\main\AndroidManifest.xml:7:15-41
		INJECTED from src\main\AndroidManifest.xml
		INJECTED from src\main\AndroidManifest.xml
application
ADDED from src\main\AndroidManifest.xml:9:5-66:19
	android:label
		ADDED from src\main\AndroidManifest.xml:12:9-41
	android:allowBackup
		ADDED from src\main\AndroidManifest.xml:13:9-35
	android:icon
		ADDED from src\main\AndroidManifest.xml:11:9-45
	android:configChanges
		ADDED from src\main\AndroidManifest.xml:10:9-59
	android:theme
		ADDED from src\main\AndroidManifest.xml:14:9-43
activity#com.example.controlefantasias.MainScreenActivity
ADDED from src\main\AndroidManifest.xml:18:9-26:20
	android:label
		ADDED from src\main\AndroidManifest.xml:20:13-45
	android:name
		ADDED from src\main\AndroidManifest.xml:19:13-76
intent-filter#android.intent.action.MAIN+android.intent.category.LAUNCHER
ADDED from src\main\AndroidManifest.xml:21:13-25:29
action#android.intent.action.MAIN
ADDED from src\main\AndroidManifest.xml:22:17-69
	android:name
		ADDED from src\main\AndroidManifest.xml:22:25-66
category#android.intent.category.LAUNCHER
ADDED from src\main\AndroidManifest.xml:24:17-77
	android:name
		ADDED from src\main\AndroidManifest.xml:24:27-74
activity#com.example.controlefantasias.AllProductsActivity
ADDED from src\main\AndroidManifest.xml:29:9-33:20
	android:label
		ADDED from src\main\AndroidManifest.xml:31:13-38
	android:name
		ADDED from src\main\AndroidManifest.xml:30:13-77
activity#com.example.controlefantasias.NewProductActivity
ADDED from src\main\AndroidManifest.xml:36:9-39:20
	android:label
		ADDED from src\main\AndroidManifest.xml:38:13-44
	android:name
		ADDED from src\main\AndroidManifest.xml:37:13-76
activity#com.example.controlefantasias.EditProductActivity
ADDED from src\main\AndroidManifest.xml:42:9-45:20
	android:label
		ADDED from src\main\AndroidManifest.xml:44:13-41
	android:name
		ADDED from src\main\AndroidManifest.xml:43:13-77
activity#com.example.controlefantasias.AllClientsActivity
ADDED from src\main\AndroidManifest.xml:48:9-52:20
	android:label
		ADDED from src\main\AndroidManifest.xml:50:13-37
	android:name
		ADDED from src\main\AndroidManifest.xml:49:13-76
activity#com.example.controlefantasias.NewClientActivity
ADDED from src\main\AndroidManifest.xml:55:9-58:20
	android:label
		ADDED from src\main\AndroidManifest.xml:57:13-43
	android:name
		ADDED from src\main\AndroidManifest.xml:56:13-75
activity#com.example.controlefantasias.EditClientActivity
ADDED from src\main\AndroidManifest.xml:61:9-64:20
	android:label
		ADDED from src\main\AndroidManifest.xml:63:13-40
	android:name
		ADDED from src\main\AndroidManifest.xml:62:13-76
uses-permission#android.permission.INTERNET
ADDED from src\main\AndroidManifest.xml:69:5-67
	android:name
		ADDED from src\main\AndroidManifest.xml:69:22-64